0 info it worked if it ends with ok
1 verbose cli [ '/usr/local/bin/node',
1 verbose cli   '/usr/local/bin/npm',
1 verbose cli   'install',
1 verbose cli   '-g',
1 verbose cli   'node-inspector' ]
2 info using npm@1.2.21
3 info using node@v0.11.2
4 verbose read json /usr/local/lib/package.json
5 verbose read json /usr/local/lib/package.json
6 verbose cache add [ 'node-inspector', null ]
7 verbose cache add name=undefined spec="node-inspector" args=["node-inspector",null]
8 verbose parsed url { protocol: null,
8 verbose parsed url   slashes: null,
8 verbose parsed url   auth: null,
8 verbose parsed url   host: null,
8 verbose parsed url   port: null,
8 verbose parsed url   hostname: null,
8 verbose parsed url   hash: null,
8 verbose parsed url   search: null,
8 verbose parsed url   query: null,
8 verbose parsed url   pathname: 'node-inspector',
8 verbose parsed url   path: 'node-inspector',
8 verbose parsed url   href: 'node-inspector' }
9 silly lockFile 4198ef9e-node-inspector node-inspector
10 verbose lock node-inspector /home/will/.npm/4198ef9e-node-inspector.lock
11 silly lockFile 4198ef9e-node-inspector node-inspector
12 silly lockFile 4198ef9e-node-inspector node-inspector
13 verbose addNamed [ 'node-inspector', '' ]
14 verbose addNamed [ null, '' ]
15 silly lockFile e68b88da-node-inspector node-inspector@
16 verbose lock node-inspector@ /home/will/.npm/e68b88da-node-inspector.lock
17 silly addNameRange { name: 'node-inspector', range: '', hasData: false }
18 verbose url raw node-inspector
19 verbose url resolving [ 'http://registry.npmjs.org/', './node-inspector' ]
20 verbose url resolved http://registry.npmjs.org/node-inspector
21 info trying registry request attempt 1 at 09:43:19
22 verbose etag "CP0AEBBO10ZLNUJ3WKR81008L"
23 http GET http://registry.npmjs.org/node-inspector
24 http 304 http://registry.npmjs.org/node-inspector
25 silly registry.get cb [ 304,
25 silly registry.get   { date: 'Thu, 11 Dec 2014 01:43:19 GMT',
25 silly registry.get     via: '1.1 varnish',
25 silly registry.get     'last-modified': 'Thu, 11 Dec 2014 01:43:19 GMT',
25 silly registry.get     'cache-control': 'max-age=60',
25 silly registry.get     etag: '"CP0AEBBO10ZLNUJ3WKR81008L"',
25 silly registry.get     age: '22',
25 silly registry.get     connection: 'keep-alive',
25 silly registry.get     'x-served-by': 'cache-sjc3135-SJC',
25 silly registry.get     'x-cache': 'HIT',
25 silly registry.get     'x-cache-hits': '1',
25 silly registry.get     'x-timer': 'S1418262199.994533,VS0,VE0',
25 silly registry.get     vary: 'Accept' } ]
26 verbose etag node-inspector from cache
27 silly addNameRange number 2 { name: 'node-inspector', range: '', hasData: true }
28 silly addNameRange versions [ 'node-inspector',
28 silly addNameRange   [ '0.0.1',
28 silly addNameRange     '0.0.2',
28 silly addNameRange     '0.0.3',
28 silly addNameRange     '0.0.4',
28 silly addNameRange     '0.1.0',
28 silly addNameRange     '0.1.1',
28 silly addNameRange     '0.1.2',
28 silly addNameRange     '0.1.3',
28 silly addNameRange     '0.1.4',
28 silly addNameRange     '0.1.5',
28 silly addNameRange     '0.1.6',
28 silly addNameRange     '0.1.7',
28 silly addNameRange     '0.1.8',
28 silly addNameRange     '0.1.9',
28 silly addNameRange     '0.1.10',
28 silly addNameRange     '0.3.0',
28 silly addNameRange     '0.3.1',
28 silly addNameRange     '0.3.2',
28 silly addNameRange     '0.3.3',
28 silly addNameRange     '0.3.4',
28 silly addNameRange     '0.4.0',
28 silly addNameRange     '0.5.0',
28 silly addNameRange     '0.6.0',
28 silly addNameRange     '0.6.1',
28 silly addNameRange     '0.6.2',
28 silly addNameRange     '0.7.0-1',
28 silly addNameRange     '0.2.0-beta1',
28 silly addNameRange     '0.2.0-beta2',
28 silly addNameRange     '0.2.0-beta3',
28 silly addNameRange     '0.2.0-beta4',
28 silly addNameRange     '0.3.0-preview1',
28 silly addNameRange     '0.7.0-2',
28 silly addNameRange     '0.7.0',
28 silly addNameRange     '0.7.1',
28 silly addNameRange     '0.7.2',
28 silly addNameRange     '0.7.3',
28 silly addNameRange     '0.7.4',
28 silly addNameRange     '0.8.0',
28 silly addNameRange     '0.8.1' ] ]
29 verbose addNamed [ 'node-inspector', '0.8.1' ]
30 verbose addNamed [ '0.8.1', '0.8.1' ]
31 silly lockFile 4403522e-node-inspector-0-8-1 node-inspector@0.8.1
32 verbose lock node-inspector@0.8.1 /home/will/.npm/4403522e-node-inspector-0-8-1.lock
33 verbose read json /home/will/.npm/node-inspector/0.8.1/package/package.json
34 silly lockFile 4403522e-node-inspector-0-8-1 node-inspector@0.8.1
35 silly lockFile 4403522e-node-inspector-0-8-1 node-inspector@0.8.1
36 silly lockFile e68b88da-node-inspector node-inspector@
37 silly lockFile e68b88da-node-inspector node-inspector@
38 silly resolved [ { name: 'node-inspector',
38 silly resolved     version: '0.8.1',
38 silly resolved     description: 'Web Inspector based nodeJS debugger',
38 silly resolved     homepage: 'http://github.com/node-inspector/node-inspector',
38 silly resolved     author: { name: 'Danny Coates', email: 'dannycoates@gmail.com' },
38 silly resolved     keywords: [ 'debug', 'debugger', 'inspector', 'profiler' ],
38 silly resolved     repository:
38 silly resolved      { type: 'git',
38 silly resolved        url: 'http://github.com/node-inspector/node-inspector.git' },
38 silly resolved     engines: { node: '>=0.8.0' },
38 silly resolved     bin:
38 silly resolved      { 'node-inspector': './bin/inspector.js',
38 silly resolved        'node-debug': './bin/node-debug.js' },
38 silly resolved     dependencies:
38 silly resolved      { express: '^4.0',
38 silly resolved        'serve-favicon': '^2.1.1',
38 silly resolved        async: '~0.9',
38 silly resolved        glob: '^3.2.1',
38 silly resolved        rc: '~0.5.0',
38 silly resolved        'strong-data-uri': '~0.1.0',
38 silly resolved        debug: '^1.0',
38 silly resolved        ws: '~0.4.31',
38 silly resolved        opener: '^1.3.0',
38 silly resolved        yargs: '^1.2.1',
38 silly resolved        which: '^1.0.5',
38 silly resolved        'v8-debug': '~0.3.0',
38 silly resolved        'v8-profiler': '~5.2.0',
38 silly resolved        semver: '^3.0.1' },
38 silly resolved     devDependencies:
38 silly resolved      { mocha: '^1.21',
38 silly resolved        chai: '^1.9',
38 silly resolved        jshint: '^2.4.4',
38 silly resolved        'fs-extra': '~0.8.1' },
38 silly resolved     preferGlobal: true,
38 silly resolved     scripts: { pretest: 'jshint .', test: 'mocha' },
38 silly resolved     contributors:
38 silly resolved      [ [Object],
38 silly resolved        [Object],
38 silly resolved        [Object],
38 silly resolved        [Object],
38 silly resolved        [Object],
38 silly resolved        [Object],
38 silly resolved        [Object],
38 silly resolved        [Object],
38 silly resolved        [Object],
38 silly resolved        [Object],
38 silly resolved        [Object],
38 silly resolved        [Object],
38 silly resolved        [Object],
38 silly resolved        [Object],
38 silly resolved        [Object],
38 silly resolved        [Object],
38 silly resolved        [Object],
38 silly resolved        [Object],
38 silly resolved        [Object],
38 silly resolved        [Object],
38 silly resolved        [Object],
38 silly resolved        [Object],
38 silly resolved        [Object],
38 silly resolved        [Object],
38 silly resolved        [Object],
38 silly resolved        [Object],
38 silly resolved        [Object],
38 silly resolved        [Object],
38 silly resolved        [Object],
38 silly resolved        [Object],
38 silly resolved        [Object] ],
38 silly resolved     readme: '# Node Inspector\n\n[![Build Status](https://travis-ci.org/node-inspector/node-inspector.png?branch=master)](https://travis-ci.org/node-inspector/node-inspector)\n[![NPM version](https://badge.fury.io/js/node-inspector.png)](http://badge.fury.io/js/node-inspector)\n[![Bountysource](https://www.bountysource.com/badge/tracker?tracker_id=195817)](https://www.bountysource.com/trackers/195817-node-inspector?utm_source=195817&utm_medium=shield&utm_campaign=TRACKER_BADGE)\n\n\n## Overview\n\nNode Inspector is a debugger interface for Node.js applications that uses the\nBlink Developer Tools (formerly WebKit Web Inspector).\n\nThe project maintenance and support is sponsored by\n[StrongLoop](http://strongloop.com).\n\n### Table of Content\n\n * [Quick Start](#quick-start)\n * [Features](#features)\n * [Known Issues](#known-issues)\n * [Troubleshooting](#troubleshooting)\n * [Advanced Use](#advanced-use)\n * [Configuration](#configuration)\n * [Contributing](#contributing-code)\n * [Credits](#credits)\n\n## Quick Start\n\n#### Install\n\n```sh\n$ npm install -g node-inspector\n```\n\n#### Start\n\n```sh\n$ node-debug app.js\n```\n\nwhere ```app.js``` is the name of your main Node application JavaScript file.\n\n#### Debug\n\nThe `node-debug` command will load Node Inspector in your default browser.\n\n> **NOTE:** Node Inspector works in Chrome and Opera only. You have to re-open\nthe inspector page in one of those browsers if another browser\nis your default web browser (e.g. Safari or Internet Explorer).\n\nNode Inspector works almost exactly as the Chrome Developer Tools. Read the\nexcellent\n[DevTools overview](https://developer.chrome.com/devtools/index)\nto get started.\n\nOther useful resources:\n - Documentation specific to Node Inspector provided by StrongLoop:\n  [Debugging with Node Inspector](http://docs.strongloop.com/display/SLC/Debugging+applications)\n - Miroslav\'s talk\n  [How to Debug Node Apps with Node Inspector](https://vimeo.com/77870960)\n - Danny\'s [screencasts](http://www.youtube.com/view_play_list?p=A5216AC29A41EFA8)\n   (most likely outdated by now)\n - [Getting Started from scratch](http://github.com/node-inspector/node-inspector/wiki/Getting-Started---from-scratch)\n   on wiki (most likely outdated by now)\n\n## Features\n\nThe Blink DevTools debugger is a powerful JavaScript debugger interface.\nNode Inspector supports almost all of the debugging features of DevTools, including:\n\n* Navigate in your source files\n* Set breakpoints (and specify trigger conditions)\n* Step over, step in, step out, resume (continue)\n* Inspect scopes, variables, object properties\n* Hover your mouse over an expression in your source to display its value in\n  a tooltip\n* Edit variables and object properties\n* Continue to location\n* Break on exceptions\n* Disable/enable all breakpoints\n\n### Cool stuff\n* Node Inspector uses WebSockets, so no polling for breaks.\n* Remote debugging\n* [Live edit of running code](http://github.com/node-inspector/node-inspector/wiki/LiveEdit),\n  optionally persisting changes back to the file-system.\n* Set breakpoints in files that are not loaded into V8 yet - useful for\n  debugging module loading/initialization.\n* Javascript from top to bottom :)\n* Embeddable in other applications - see [Embedding HOWTO](docs/embedding.md)\n  for more details.\n\n## Known Issues\n\n* Be careful about viewing the contents of Buffer objects,\n  each byte is displayed as an individual array element;\n  for most Buffers this will take too long to render.\n* While not stopped at a breakpoint the console doesn\'t always\n  behave as you might expect. See the\n  [issue #146](https://github.com/node-inspector/node-inspector/issues/146).\n* Profiler is not implemented yet. Have a look at\n  [node-webkit-agent](https://github.com/c4milo/node-webkit-agent)\n  in the meantime.\n* Break on uncaught exceptions does not work in all Node versions,\n  you need at least v0.11.3 (see\n  [node#5713](https://github.com/joyent/node/pull/5713)).\n* Debugging multiple processes (e.g. cluster) is cumbersome.\n  Read the following blog post for instructions:\n  [Debugging Clustered Apps with Node-Inspector](http://strongloop.com/strongblog/whats-new-nodejs-v0-12-debugging-clusters/)\n\n## Troubleshooting\n\n#### My script runs too fast to attach the debugger.\n\nThe debugged process must be started with `--debug-brk`, this way the script is paused on the first line.\n\nNote: `node-debug` adds this option for you by default.\n\n#### I got the UI in a weird state.\n\nWhen in doubt, refresh the page in browser\n\n#### Can I debug remotely?\n\nYes. Node Inspector must be running on the same machine, but your browser can be anywhere.\nJust make sure port 8080 is accessible.\n\n#### How do I specify files to hide?\n\nCreate a JSON-encoded array.  You must escape quote characters when using a command-line option.\n\n```sh\n$ node-inspector --hidden=\'["node_modules/framework"]\'\n```\n\nNote that the array items are interpreted as regular expressions.\n\n#### UI doesn\'t load or doesn\'t work and refresh didn\'t help\n\nMake sure that you have adblock disabled as well as any other content blocking scripts and plugins.\n\n#### How can I (selectively) delete debug session metadata?\n\nYou may want to delete debug session metadata if for example Node Inspector gets in a bad state with some\nwatch variables that were function calls (possibly into some special c-bindings).  In such cases, even restarting\nthe application/debug session may not fix the problem.\n\nNode Inspector stores debug session metadata in the HTML5 local storage.\nYou can inspect the contents of local storage and remove any items as\nneeded. In Google Chrome, you can execute any of the following in the JavaScript console:\n\n```js\n// Remove all\nwindow.localStorage.clear()\n// Or, to list keys so you can selectively remove them with removeItem()\nwindow.localStorage\n// Remove all the watch expressions\nwindow.localStorage.removeItem(\'watchExpressions\')\n// Remove all the breakpoints\nwindow.localStorage.removeItem(\'breakpoints\')\n```\n\nWhen you are done cleaning up, hit refresh in the browser.\n\n#### Node Inspector takes a long time to start up.\n\nTry setting --no-preload to true. This option disables searching disk for *.js at startup.\n\n#### How do I debug Mocha unit-tests?\n\nYou have to start `_mocha` as the debugged process and make sure\nthe execution pauses on the first line. This way you have enough\ntime to set your breakpoints before the tests are run.\n\n```sh\n$ node-debug _mocha\n```\n\n#### How do I debug Gulp tasks?\n\nIf you are running on a Unix system you can simply run the following command.\nThe `$(which ..)` statement gets replaced with the full path to the gulp-cli.\n\n```sh\n$ node-debug $(which gulp) task\n```\n\nIf you are running on Windows, you have to get the full path of `gulp.js`\nto make an equivalent command:\n\n```sh\n> node-debug %appdata%\\npm\\node_modules\\gulp\\bin\\gulp.js task\n```\n*You can omit the `task` part to run the `default` task.*\n\n## Advanced Use\n\nWhile running `node-debug` is a convenient way to start your debugging\nsession, there may come time when you need to tweak the default setup.\n\nThere are three steps needed to get you up and debugging:\n\n#### 1. Start the Node Inspector server\n\n```sh\n$ node-inspector\n```\n\nYou can leave the server running in background, it\'s possible to debug\nmultiple processes using the same server instance.\n\n#### 2. Enable debug mode in your Node process\n\nYou can either start Node with a debug flag like:\n\n```sh\n$ node --debug your/node/program.js\n```\n\nor, to pause your script on the first line:\n\n```sh\n$ node --debug-brk your/short/node/script.js\n```\n\nOr you can enable debugging on a node that is already running by sending\nit a signal:\n\n1. Get the PID of the node process using your favorite method.\n`pgrep` or `ps -ef` are good\n\n    ```sh\n    $ pgrep -l node\n    2345 node your/node/server.js\n    ```\n\n2. Send it the USR1 signal\n\n    ```sh\n    $ kill -s USR1 2345\n    ```\n\n##### Windows\n\nWindows does not support UNIX signals. To enable debugging, you can use\nan undocumented API function `process._debugProcess(pid)`:\n\n1. Get the PID of the node process using your favorite method, e.g.\n\n    ```sh\n    > tasklist /FI "IMAGENAME eq node.exe"\n\n    Image Name                     PID Session Name        Session#    Mem Usage\n    ========================= ======== ================ =========== ============\n    node.exe                      3084 Console                    1     11,964 K\n    ```\n\n2. Call the API:\n\n    ```sh\n    > node -e "process._debugProcess(3084)"\n    ```\n\n#### 3. Load the debugger UI\n\nOpen http://127.0.0.1:8080/debug?port=5858 in the Chrome browser.\n\n## Configuration\n\nBoth `node-inspector` and `node-debug` use [rc](https://npmjs.org/package/rc) module \nto manage configuration options.\n\nPlaces for configuration:\n* command line arguments (parsed by [yargs](https://github.com/chevex/yargs))\n* enviroment variables prefixed with ```node-inspector_```\n* if you passed an option ```--config file``` then from that file\n* a local ```.node-inspectorrc``` or the first found looking in ```./ ../ ../../\n ../../../``` etc.\n* ```$HOME/.node-inspectorrc```\n* ```$HOME/.node-inspector/config```\n* ```$HOME/.config/node-inspector```\n* ```$HOME/.config/node-inspector/config```\n* ```/etc/node-inspectorrc```\n* ```/etc/node-inspector/config```\n\nAll configuration sources that where found will be flattened into one object,\nso that sources earlier in this list override later ones.\n\n### Options\n\n| Option | Alias | Default | Description |\n| :------------------ | :-: | :-----: | :-------- |\n| **general**\n| --help              | -h  |         | Display information about avaible options.<br/>Use `--help -l` to display full usage info.<br/>Use `--help <option>` to display quick help on `option`.\n| --version           | -v  |         | Display Node Inspector\'s version.\n| --debug-port        | -d  | 5858    | Node/V8 debugger port.<br/>(`node --debug={port}`)\n| --web-host          |     | 0.0.0.0 | Host to listen on for Node Inspector\'s web interface.<br/>`node-debug` listens on `127.0.0.1` by default.\n| --web-port          | -p  | 8080    | Port to listen on for Node Inspector\'s web interface.\n| **node-debug**\n| --debug-brk         | -b  | true    | Break on the first line.<br/>(`node --debug-brk`)\n| --nodejs            |     | []      | Pass NodeJS options to debugged process.<br/>(`node --option={value}`)\n| --script            |     | []      | Pass options to debugged process.<br/>(`node app --option={value}`)\n| --cli               | -c  | false   | CLI mode, do not open browser.\n| **node-inspector**\n| --save-live-edit    |     | false   | Save live edit changes to disk (update the edited files).\n| --preload           |     | true    | Preload *.js files. You can disable this option<br/>to speed up the startup.\n| --inject            |     | true    | Enable injection of debugger extensions into the debugged process.\n| --hidden            |     | []      | Array of files to hide from the UI,<br/>breakpoints in these files will be ignored.<br/>All paths are interpreted as regular expressions.\n| --stack-trace-limit |     | 50      | Number of stack frames to show on a breakpoint.\n| --ssl-key           |     |         | Path to file containing a valid SSL key.\n| --ssl-cert          |     |         | Path to file containing a valid SSL certificate.\n\n### Usage examples\n\n#### Command line\n##### Format\n```\n$ node-debug [general-options] [node-debug-options] [node-inspector-options] [script]\n```\n\n```\n$ node-inspector [general-options] [node-inspector-options]\n```\n##### Usage\n\nDisplay full usage info:\n```\n$ node-debug --help -l\n```\nSet debug port of debugging process to `5859`:\n```\n$ node-debug -p 5859 app\n```\nPass `--web-host=127.0.0.2` to node-inspector. Start node-inspector to listen on `127.0.0.2`:\n```\n$ node-debug --web-host 127.0.0.2 app\n``` \nPass `--option=value` to debugging process:\n```\n$ node-debug app --option value\n```\nStart node-inspector to listen on HTTPS:\n```\n$ node-debug --ssl-key ./ssl/key.pem --ssl-cert ./ssl/cert.pem app\n```\nIgnore breakpoints in files stored in `node_modules` folder or ending in `.test.js`:\n```\n$ node-debug --hidden node_modules/ --hidden \\.test\\.js$ app\n```\nAdd `--harmony` flag to the node process running the debugged script:\n```\n$ node-debug --nodejs --harmony app\n```\nDisable preloading of `.js` files:\n```\n$ node-debug --no-preload app\n```\n\n#### RC Configuration\n\nUse dashed option names in RC files. Sample config file:\n```js\n{\n  "web-port": 8088,\n  "web-host": null,\n  "debug-port": 5858,\n  "save-live-edit": true,\n  "preload": false,\n  "hidden": ["\\.test\\.js$", "node_modules/"],\n  "nodejs": ["--harmony"],\n  "stack-trace-limit": 50,\n  "ssl-key": "./ssl/key.pem",\n  "ssl-cert": "./ssl/cert.pem"\n}\n```\n\n## Contributing Code\n\nMaking Node Inspector the best debugger for node.js cannot be achieved without\nthe help of the community. The following resources should help you to get\nstarted.\n\n* [Contributing](https://github.com/node-inspector/node-inspector/wiki/Contributing)\n* [Developer\'s Guide](https://github.com/node-inspector/node-inspector/wiki/Developer%27s-Guide)\n* [Easy Picks](https://github.com/node-inspector/node-inspector/issues?direction=asc&labels=Easy+Pick&page=1&sort=updated&state=open)\n\n## Credits\n\nMaintainers\n\n - [Danny Coates](https://github.com/dannycoates) - the original author\n   and a sole maintainer for several years.\n - [Miroslav Bajtoš](https://github.com/bajtos) - a current maintainer,\n   sponsored by [StrongLoop](http://strongloop.com).\n - [3y3](https://github.com/3y3) - a current maintainer\n\nBig thanks to the many contributors to the project, see [AUTHORS](AUTHORS).\n',
38 silly resolved     readmeFilename: 'README.md',
38 silly resolved     bugs: { url: 'https://github.com/node-inspector/node-inspector/issues' },
38 silly resolved     _id: 'node-inspector@0.8.1',
38 silly resolved     _from: 'node-inspector@' } ]
39 info install node-inspector@0.8.1 into /usr/local/lib
40 info installOne node-inspector@0.8.1
41 verbose from cache /home/will/.npm/node-inspector/0.8.1/package/package.json
42 info /usr/local/lib/node_modules/node-inspector unbuild
43 verbose read json /usr/local/lib/node_modules/node-inspector/package.json
44 verbose tar unpack /home/will/.npm/node-inspector/0.8.1/package.tgz
45 silly lockFile 885d0a05--lib-node-modules-node-inspector /usr/local/lib/node_modules/node-inspector
46 verbose lock /usr/local/lib/node_modules/node-inspector /home/will/.npm/885d0a05--lib-node-modules-node-inspector.lock
47 silly lockFile e7db0e39-node-inspector-0-8-1-package-tgz /home/will/.npm/node-inspector/0.8.1/package.tgz
48 verbose lock /home/will/.npm/node-inspector/0.8.1/package.tgz /home/will/.npm/e7db0e39-node-inspector-0-8-1-package-tgz.lock
49 silly gunzTarPerm modes [ '755', '644' ]
50 silly gunzTarPerm extractEntry package.json
51 silly gunzTarPerm extractEntry README.md
52 silly gunzTarPerm extractEntry LICENSE
53 silly gunzTarPerm extractEntry index.js
54 silly gunzTarPerm extractEntry .jshintignore
55 silly gunzTarPerm extractEntry AUTHORS
56 silly gunzTarPerm extractEntry .jshintrc
57 silly gunzTarPerm extractEntry docs/embedding.md
58 silly gunzTarPerm extractEntry front-end/AdvancedSearchController.js
59 silly gunzTarPerm extractEntry front-end/Linkifier.js
60 silly gunzTarPerm extractEntry front-end/LiveEditSupport.js
61 silly gunzTarPerm extractEntry front-end/MemoryStatistics.js
62 silly gunzTarPerm extractEntry front-end/MetricsSidebarPane.js
63 silly gunzTarPerm extractEntry front-end/LayersPanelDescriptor.js
64 silly gunzTarPerm extractEntry front-end/NavigatorOverlayController.js
65 silly gunzTarPerm extractEntry front-end/NavigatorView.js
66 silly gunzTarPerm extractEntry front-end/NetworkItemView.js
67 silly gunzTarPerm extractEntry front-end/NetworkLog.js
68 silly gunzTarPerm extractEntry front-end/NetworkManager.js
69 silly gunzTarPerm extractEntry front-end/LayersPanel.js
70 silly gunzTarPerm extractEntry front-end/NetworkPanel.js
71 silly gunzTarPerm extractEntry front-end/Layers3DView.js
72 silly gunzTarPerm extractEntry front-end/NetworkPanelDescriptor.js
73 silly gunzTarPerm extractEntry front-end/LayerTreeModel.js
74 silly gunzTarPerm extractEntry front-end/NetworkRequest.js
75 silly gunzTarPerm extractEntry front-end/LayerTree.js
76 silly gunzTarPerm extractEntry front-end/NetworkUISourceCodeProvider.js
77 silly gunzTarPerm extractEntry front-end/LayerDetailsView.js
78 silly gunzTarPerm extractEntry front-end/jsdifflib.js
79 silly gunzTarPerm extractEntry front-end/KeyboardShortcut.js
80 silly gunzTarPerm extractEntry front-end/Object.js
81 silly gunzTarPerm extractEntry front-end/JavaScriptSourceFrame.js
82 silly gunzTarPerm extractEntry front-end/ObjectPopoverHelper.js
83 silly gunzTarPerm extractEntry front-end/JavaScriptFormatter.js
84 silly gunzTarPerm extractEntry front-end/ObjectPropertiesSection.js
85 silly gunzTarPerm extractEntry front-end/JSHeapSnapshot.js
86 silly gunzTarPerm extractEntry front-end/OverridesSupport.js
87 silly gunzTarPerm extractEntry front-end/IsolatedFileSystemManager.js
88 silly gunzTarPerm extractEntry front-end/OverridesView.js
89 silly gunzTarPerm extractEntry front-end/IsolatedFileSystem.js
90 silly gunzTarPerm extractEntry front-end/OverviewGrid.js
91 silly gunzTarPerm extractEntry front-end/InspectorView.js
92 silly gunzTarPerm extractEntry front-end/Panel.js
93 silly gunzTarPerm extractEntry front-end/InspectorFrontendHostStub.js
94 silly gunzTarPerm extractEntry front-end/ParsedURL.js
95 silly gunzTarPerm extractEntry front-end/InspectorFrontendAPI.js
96 silly gunzTarPerm extractEntry front-end/Placard.js
97 silly gunzTarPerm extractEntry front-end/InspectorBackendCommands.js
98 silly gunzTarPerm extractEntry front-end/ApplicationCacheItemsView.js
99 silly gunzTarPerm extractEntry front-end/InspectorBackend.js
100 silly gunzTarPerm extractEntry front-end/Popover.js
101 silly gunzTarPerm extractEntry front-end/InspectElementModeController.js
102 silly gunzTarPerm extractEntry front-end/PresentationConsoleMessageHelper.js
103 silly gunzTarPerm extractEntry front-end/IndexedDBViews.js
104 silly gunzTarPerm extractEntry front-end/ProfileDataGridTree.js
105 silly gunzTarPerm extractEntry front-end/IndexedDBModel.js
106 silly gunzTarPerm extractEntry front-end/ProfileLauncherView.js
107 silly gunzTarPerm extractEntry front-end/treeoutline.js
108 silly gunzTarPerm extractEntry front-end/ProfilesPanel.js
109 silly gunzTarPerm extractEntry front-end/ImageView.js
110 silly gunzTarPerm extractEntry front-end/ProfilesPanelDescriptor.js
111 silly gunzTarPerm extractEntry front-end/HelpScreen.js
112 silly gunzTarPerm extractEntry front-end/Progress.js
113 silly gunzTarPerm extractEntry front-end/HeapSnapshotWorkerDispatcher.js
114 silly gunzTarPerm extractEntry front-end/ProgressIndicator.js
115 silly gunzTarPerm extractEntry front-end/HeapSnapshotWorker.js
116 silly gunzTarPerm extractEntry front-end/PropertiesSection.js
117 silly gunzTarPerm extractEntry front-end/HeapSnapshotView.js
118 silly gunzTarPerm extractEntry front-end/PropertiesSidebarPane.js
119 silly gunzTarPerm extractEntry front-end/HeapSnapshotProxy.js
120 silly gunzTarPerm extractEntry front-end/RawSourceCode.js
121 silly gunzTarPerm extractEntry front-end/HeapSnapshotLoader.js
122 silly gunzTarPerm extractEntry front-end/RemoteObject.js
123 silly gunzTarPerm extractEntry front-end/HeapSnapshotGridNodes.js
124 silly gunzTarPerm extractEntry front-end/RequestCookiesView.js
125 silly gunzTarPerm extractEntry front-end/HeapSnapshotDataGrids.js
126 silly gunzTarPerm extractEntry front-end/RequestHTMLView.js
127 silly gunzTarPerm extractEntry front-end/HeapSnapshot.js
128 silly gunzTarPerm extractEntry front-end/RequestHeadersView.js
129 silly gunzTarPerm extractEntry front-end/HandlerRegistry.js
130 silly gunzTarPerm extractEntry front-end/RequestJSONView.js
131 silly gunzTarPerm extractEntry front-end/HAREntry.js
132 silly gunzTarPerm extractEntry front-end/RequestPreviewView.js
133 silly gunzTarPerm extractEntry front-end/GoToLineDialog.js
134 silly gunzTarPerm extractEntry front-end/RequestResponseView.js
135 silly gunzTarPerm extractEntry front-end/FontView.js
136 silly gunzTarPerm extractEntry front-end/RequestTimingView.js
137 silly gunzTarPerm extractEntry front-end/FlameChart.js
138 silly gunzTarPerm extractEntry front-end/RequestView.js
139 silly gunzTarPerm extractEntry front-end/FilteredItemSelectionDialog.js
140 silly gunzTarPerm extractEntry front-end/Resource.js
141 silly gunzTarPerm extractEntry front-end/FileUtils.js
142 silly gunzTarPerm extractEntry front-end/ResourceScriptMapping.js
143 silly gunzTarPerm extractEntry front-end/FileSystemView.js
144 silly gunzTarPerm extractEntry front-end/ResourceTreeModel.js
145 silly gunzTarPerm extractEntry front-end/FileSystemProjectDelegate.js
146 silly gunzTarPerm extractEntry front-end/ResourceType.js
147 silly gunzTarPerm extractEntry front-end/FileSystemModel.js
148 silly gunzTarPerm extractEntry front-end/ResourceUtils.js
149 silly gunzTarPerm extractEntry front-end/FileSystemMapping.js
150 silly gunzTarPerm extractEntry front-end/ResourceView.js
151 silly gunzTarPerm extractEntry front-end/FilePathScoreFunction.js
152 silly gunzTarPerm extractEntry front-end/ResourceWebSocketFrameView.js
153 silly gunzTarPerm extractEntry front-end/FileManager.js
154 silly gunzTarPerm extractEntry front-end/ResourcesPanel.js
155 silly gunzTarPerm extractEntry front-end/FileContentView.js
156 silly gunzTarPerm extractEntry front-end/RevisionHistoryView.js
157 silly gunzTarPerm extractEntry front-end/ExtensionView.js
158 silly gunzTarPerm extractEntry front-end/RuntimeModel.js
159 silly gunzTarPerm extractEntry front-end/ExtensionServer.js
160 silly gunzTarPerm extractEntry front-end/SASSSourceMapping.js
161 silly gunzTarPerm extractEntry front-end/ExtensionRegistryStub.js
162 silly gunzTarPerm extractEntry front-end/ScopeChainSidebarPane.js
163 silly gunzTarPerm extractEntry front-end/ExtensionPanel.js
164 silly gunzTarPerm extractEntry front-end/ScreencastView.js
165 silly gunzTarPerm extractEntry front-end/ExtensionAuditCategory.js
166 silly gunzTarPerm extractEntry front-end/Script.js
167 silly gunzTarPerm extractEntry front-end/ExtensionAPI.js
168 silly gunzTarPerm extractEntry front-end/ScriptFormatter.js
169 silly gunzTarPerm extractEntry front-end/EventListenersSidebarPane.js
170 silly gunzTarPerm extractEntry front-end/ScriptFormatterWorker.js
171 silly gunzTarPerm extractEntry front-end/EmptyView.js
172 silly gunzTarPerm extractEntry front-end/ScriptSnippetModel.js
173 silly gunzTarPerm extractEntry front-end/ElementsTreeOutline.js
174 silly gunzTarPerm extractEntry front-end/ScriptsNavigator.js
175 silly gunzTarPerm extractEntry front-end/ElementsPanelDescriptor.js
176 silly gunzTarPerm extractEntry front-end/ScriptsPanel.js
177 silly gunzTarPerm extractEntry front-end/ElementsPanel.js
178 silly gunzTarPerm extractEntry front-end/ScriptsPanelDescriptor.js
179 silly gunzTarPerm extractEntry front-end/EditFileSystemDialog.js
180 silly gunzTarPerm extractEntry front-end/ScriptsSearchScope.js
181 silly gunzTarPerm extractEntry front-end/Drawer.js
182 silly gunzTarPerm extractEntry front-end/SearchController.js
183 silly gunzTarPerm extractEntry front-end/DockController.js
184 silly gunzTarPerm extractEntry front-end/Section.js
185 silly gunzTarPerm extractEntry front-end/DirectoryContentView.js
186 silly gunzTarPerm extractEntry front-end/Settings.js
187 silly gunzTarPerm extractEntry front-end/Dialog.js
188 silly gunzTarPerm extractEntry front-end/SettingsScreen.js
189 silly gunzTarPerm extractEntry front-end/DevToolsExtensionAPI.js
190 silly gunzTarPerm extractEntry front-end/ShortcutsScreen.js
191 silly gunzTarPerm extractEntry front-end/DefaultScriptMapping.js
192 silly gunzTarPerm extractEntry front-end/ShowMoreDataGridNode.js
193 silly gunzTarPerm extractEntry front-end/DebuggerScriptMapping.js
194 silly gunzTarPerm extractEntry front-end/SidebarOverlay.js
195 silly gunzTarPerm extractEntry front-end/DebuggerModel.js
196 silly gunzTarPerm extractEntry front-end/SidebarPane.js
197 silly gunzTarPerm extractEntry front-end/DatabaseTableView.js
198 silly gunzTarPerm extractEntry front-end/SidebarTreeElement.js
199 silly gunzTarPerm extractEntry front-end/DatabaseQueryView.js
200 silly gunzTarPerm extractEntry front-end/SidebarView.js
201 silly gunzTarPerm extractEntry front-end/Database.js
202 silly gunzTarPerm extractEntry front-end/SimpleWorkspaceProvider.js
203 silly gunzTarPerm extractEntry front-end/DataGrid.js
204 silly gunzTarPerm extractEntry front-end/SnippetStorage.js
205 silly gunzTarPerm extractEntry front-end/DOMSyntaxHighlighter.js
206 silly gunzTarPerm extractEntry front-end/SoftContextMenu.js
207 silly gunzTarPerm extractEntry front-end/DOMStorageItemsView.js
208 silly gunzTarPerm extractEntry front-end/SourceFrame.js
209 silly gunzTarPerm extractEntry front-end/DOMStorage.js
210 silly gunzTarPerm extractEntry front-end/SourceMap.js
211 silly gunzTarPerm extractEntry front-end/DOMPresentationUtils.js
212 silly gunzTarPerm extractEntry front-end/SourceMapping.js
213 silly gunzTarPerm extractEntry front-end/DOMExtension.js
214 silly gunzTarPerm extractEntry front-end/Spectrum.js
215 silly gunzTarPerm extractEntry front-end/DOMCountersGraph.js
216 silly gunzTarPerm extractEntry front-end/SplitView.js
217 silly gunzTarPerm extractEntry front-end/DOMBreakpointsSidebarPane.js
218 silly gunzTarPerm extractEntry front-end/StatusBarButton.js
219 silly gunzTarPerm extractEntry front-end/DOMAgent.js
220 silly gunzTarPerm extractEntry front-end/StyleSheetOutlineDialog.js
221 silly gunzTarPerm extractEntry front-end/CookiesTable.js
222 silly gunzTarPerm extractEntry front-end/StylesSidebarPane.js
223 silly gunzTarPerm extractEntry front-end/CookieParser.js
224 silly gunzTarPerm extractEntry front-end/StylesSourceMapping.js
225 silly gunzTarPerm extractEntry front-end/CookieItemsView.js
226 silly gunzTarPerm extractEntry front-end/SuggestBox.js
227 silly gunzTarPerm extractEntry front-end/ContextMenu.js
228 silly gunzTarPerm extractEntry front-end/TabbedEditorContainer.js
229 silly gunzTarPerm extractEntry front-end/ContentProviders.js
230 silly gunzTarPerm extractEntry front-end/TabbedPane.js
231 silly gunzTarPerm extractEntry front-end/ContentProviderBasedProjectDelegate.js
232 silly gunzTarPerm extractEntry front-end/TestController.js
233 silly gunzTarPerm extractEntry front-end/ContentProvider.js
234 silly gunzTarPerm extractEntry front-end/Tests.js
235 silly gunzTarPerm extractEntry front-end/ConsoleView.js
236 silly gunzTarPerm extractEntry front-end/TextEditor.js
237 silly gunzTarPerm extractEntry front-end/ConsolePanel.js
238 silly gunzTarPerm extractEntry front-end/TextPrompt.js
239 silly gunzTarPerm extractEntry front-end/ConsoleModel.js
240 silly gunzTarPerm extractEntry front-end/TextRange.js
241 silly gunzTarPerm extractEntry front-end/ConsoleMessage.js
242 silly gunzTarPerm extractEntry front-end/TextUtils.js
243 silly gunzTarPerm extractEntry front-end/CompletionDictionary.js
244 silly gunzTarPerm extractEntry front-end/TimelineFrameController.js
245 silly gunzTarPerm extractEntry front-end/CompilerScriptMapping.js
246 silly gunzTarPerm extractEntry front-end/TimelineGrid.js
247 silly gunzTarPerm extractEntry front-end/Color.js
248 silly gunzTarPerm extractEntry front-end/TimelineManager.js
249 silly gunzTarPerm extractEntry front-end/CodeMirrorUtils.js
250 silly gunzTarPerm extractEntry front-end/TimelineModel.js
251 silly gunzTarPerm extractEntry front-end/CodeMirrorTextEditor.js
252 silly gunzTarPerm extractEntry front-end/TimelineOverviewPane.js
253 silly gunzTarPerm extractEntry front-end/Checkbox.js
254 silly gunzTarPerm extractEntry front-end/TimelinePanel.js
255 silly gunzTarPerm extractEntry front-end/CanvasReplayStateView.js
256 silly gunzTarPerm extractEntry front-end/TimelinePanelDescriptor.js
257 silly gunzTarPerm extractEntry front-end/CanvasProfileView.js
258 silly gunzTarPerm extractEntry front-end/TimelinePresentationModel.js
259 silly gunzTarPerm extractEntry front-end/CallStackSidebarPane.js
260 silly gunzTarPerm extractEntry front-end/Toolbar.js
261 silly gunzTarPerm extractEntry front-end/CSSStyleSheetMapping.js
262 silly gunzTarPerm extractEntry front-end/TopDownProfileDataGridTree.js
263 silly gunzTarPerm extractEntry front-end/CSSStyleModel.js
264 silly gunzTarPerm extractEntry front-end/TracingAgent.js
265 silly gunzTarPerm extractEntry front-end/CSSNamedFlowView.js
266 silly gunzTarPerm extractEntry front-end/UISourceCode.js
267 silly gunzTarPerm extractEntry front-end/CSSNamedFlowCollectionsView.js
268 silly gunzTarPerm extractEntry front-end/UISourceCodeFrame.js
269 silly gunzTarPerm extractEntry front-end/CSSMetadata.js
270 silly gunzTarPerm extractEntry front-end/UIString.js
271 silly gunzTarPerm extractEntry front-end/CPUProfileView.js
272 silly gunzTarPerm extractEntry front-end/UIUtils.js
273 silly gunzTarPerm extractEntry front-end/BreakpointsSidebarPane.js
274 silly gunzTarPerm extractEntry front-end/inspector.js
275 silly gunzTarPerm extractEntry front-end/BreakpointManager.js
276 silly gunzTarPerm extractEntry front-end/UserMetrics.js
277 silly gunzTarPerm extractEntry front-end/BottomUpProfileDataGridTree.js
278 silly gunzTarPerm extractEntry front-end/View.js
279 silly gunzTarPerm extractEntry front-end/AuditsPanel.js
280 silly gunzTarPerm extractEntry front-end/ViewportControl.js
281 silly gunzTarPerm extractEntry front-end/AuditRules.js
282 silly gunzTarPerm extractEntry front-end/WatchExpressionsSidebarPane.js
283 silly gunzTarPerm extractEntry front-end/AuditResultView.js
284 silly gunzTarPerm extractEntry front-end/WorkerManager.js
285 silly gunzTarPerm extractEntry front-end/AuditLauncherView.js
286 silly gunzTarPerm extractEntry front-end/WorkersSidebarPane.js
287 silly gunzTarPerm extractEntry front-end/AuditFormatters.js
288 silly gunzTarPerm extractEntry front-end/Workspace.js
289 silly gunzTarPerm extractEntry front-end/AuditController.js
290 silly gunzTarPerm extractEntry front-end/WorkspaceController.js
291 silly gunzTarPerm extractEntry front-end/AuditCategories.js
292 silly gunzTarPerm extractEntry front-end/externs.js
293 silly gunzTarPerm extractEntry front-end/ApplicationCacheModel.js
294 silly gunzTarPerm extractEntry front-end/buildSystemOnly.js
295 silly gunzTarPerm extractEntry front-end/NativeBreakpointsSidebarPane.js
296 silly gunzTarPerm extractEntry front-end/utilities.js
297 silly gunzTarPerm extractEntry front-end/PlatformFontsSidebarPane.js
298 silly gunzTarPerm extractEntry front-end/breakpointsList.css
299 silly gunzTarPerm extractEntry front-end/canvasProfiler.css
300 silly gunzTarPerm extractEntry front-end/cm/LICENSE
301 silly gunzTarPerm extractEntry front-end/cm/python.js
302 silly gunzTarPerm extractEntry front-end/cm/codemirror.js
303 silly gunzTarPerm extractEntry front-end/cm/coffeescript.js
304 silly gunzTarPerm extractEntry front-end/cm/comment.js
305 silly gunzTarPerm extractEntry front-end/cm/shell.js
306 silly gunzTarPerm extractEntry front-end/cm/php.js
307 silly gunzTarPerm extractEntry front-end/cm/htmlembedded.js
308 silly gunzTarPerm extractEntry front-end/cm/htmlmixed.js
309 silly gunzTarPerm extractEntry front-end/cm/javascript.js
310 silly gunzTarPerm extractEntry front-end/cm/markselection.js
311 silly gunzTarPerm extractEntry front-end/cm/closebrackets.js
312 silly gunzTarPerm extractEntry front-end/cm/matchbrackets.js
313 silly gunzTarPerm extractEntry front-end/cm/clike.js
314 silly gunzTarPerm extractEntry front-end/cm/overlay.js
315 silly gunzTarPerm extractEntry front-end/cm/css.js
316 silly gunzTarPerm extractEntry front-end/cm/xml.js
317 silly gunzTarPerm extractEntry front-end/cm/headlesscodemirror.js
318 silly gunzTarPerm extractEntry front-end/cm/LICENSE_python
319 silly gunzTarPerm extractEntry front-end/cm/codemirror.css
320 silly gunzTarPerm extractEntry front-end/cm/cmdevtools.css
321 silly gunzTarPerm extractEntry front-end/cssNamedFlows.css
322 silly gunzTarPerm extractEntry front-end/dataGrid.css
323 silly gunzTarPerm extractEntry front-end/dialog.css
324 silly gunzTarPerm extractEntry front-end/elementsPanel.css
325 silly gunzTarPerm extractEntry front-end/auditsPanel.css
326 silly gunzTarPerm extractEntry front-end/filteredItemSelectionDialog.css
327 silly gunzTarPerm extractEntry front-end/flameChart.css
328 silly gunzTarPerm extractEntry front-end/heapProfiler.css
329 silly gunzTarPerm extractEntry front-end/helpScreen.css
330 silly gunzTarPerm extractEntry front-end/indexedDBViews.css
331 silly gunzTarPerm extractEntry front-end/inspector.css
332 silly gunzTarPerm extractEntry front-end/inspector.html
333 silly gunzTarPerm extractEntry front-end/UglifyJS/parse-js.js
334 silly gunzTarPerm extractEntry front-end/inspectorCommon.css
335 silly gunzTarPerm extractEntry front-end/inspectorSyntaxHighlight.css
336 silly gunzTarPerm extractEntry front-end/OWNERS
337 silly gunzTarPerm extractEntry front-end/breadcrumbList.css
338 silly gunzTarPerm extractEntry front-end/navigatorView.css
339 silly gunzTarPerm extractEntry front-end/networkLogView.css
340 silly gunzTarPerm extractEntry front-end/networkPanel.css
341 silly gunzTarPerm extractEntry front-end/panelEnablerView.css
342 silly gunzTarPerm extractEntry front-end/popover.css
343 silly gunzTarPerm extractEntry front-end/profilesPanel.css
344 silly gunzTarPerm extractEntry front-end/resourceView.css
345 silly gunzTarPerm extractEntry front-end/resourcesPanel.css
346 silly gunzTarPerm extractEntry front-end/revisionHistory.css
347 silly gunzTarPerm extractEntry front-end/screencastView.css
348 silly gunzTarPerm extractEntry front-end/scriptsPanel.css
349 silly gunzTarPerm extractEntry front-end/sidebarPane.css
350 silly gunzTarPerm extractEntry front-end/spectrum.css
351 silly gunzTarPerm extractEntry front-end/splitView.css
352 silly gunzTarPerm extractEntry front-end/tabbedPane.css
353 silly gunzTarPerm extractEntry front-end/test-runner.html
354 silly gunzTarPerm extractEntry front-end/textPrompt.css
355 silly gunzTarPerm extractEntry front-end/timelinePanel.css
356 silly gunzTarPerm extractEntry front-end/Images/resourcePlainIcon.png
357 silly gunzTarPerm extractEntry front-end/Images/addIcon.png
358 silly gunzTarPerm extractEntry front-end/Images/back.png
359 silly gunzTarPerm extractEntry front-end/Images/breakpoint2.png
360 silly gunzTarPerm extractEntry front-end/Images/breakpoint2_2x.png
361 silly gunzTarPerm extractEntry front-end/Images/breakpointBorder.png
362 silly gunzTarPerm extractEntry front-end/Images/breakpointConditional2.png
363 silly gunzTarPerm extractEntry front-end/Images/breakpointConditional2_2x.png
364 silly gunzTarPerm extractEntry front-end/Images/breakpointConditionalBorder.png
365 silly gunzTarPerm extractEntry front-end/Images/breakpointConditionalCounterBorder.png
366 silly gunzTarPerm extractEntry front-end/Images/breakpointCounterBorder.png
367 silly gunzTarPerm extractEntry front-end/Images/checker.png
368 silly gunzTarPerm extractEntry front-end/Images/cookie.png
369 silly gunzTarPerm extractEntry front-end/Images/database.png
370 silly gunzTarPerm extractEntry front-end/Images/databaseTable.png
371 silly gunzTarPerm extractEntry front-end/Images/deleteIcon.png
372 silly gunzTarPerm extractEntry front-end/Images/domain.png
373 silly gunzTarPerm extractEntry front-end/Images/fileSystem.png
374 silly gunzTarPerm extractEntry front-end/Images/forward.png
375 silly gunzTarPerm extractEntry front-end/Images/frame.png
376 silly gunzTarPerm extractEntry front-end/Images/glossyHeader.png
377 silly gunzTarPerm extractEntry front-end/Images/glossyHeaderPressed.png
378 silly gunzTarPerm extractEntry front-end/Images/glossyHeaderSelected.png
379 silly gunzTarPerm extractEntry front-end/Images/glossyHeaderSelectedPressed.png
380 silly gunzTarPerm extractEntry front-end/Images/graphLabelCalloutLeft.png
381 silly gunzTarPerm extractEntry front-end/Images/graphLabelCalloutRight.png
382 silly gunzTarPerm extractEntry front-end/Images/indexedDB.png
383 silly gunzTarPerm extractEntry front-end/Images/indexedDBIndex.png
384 silly gunzTarPerm extractEntry front-end/Images/indexedDBObjectStore.png
385 silly gunzTarPerm extractEntry front-end/Images/localStorage.png
386 silly gunzTarPerm extractEntry front-end/Images/namedFlowOverflow.png
387 silly gunzTarPerm extractEntry front-end/Images/paneAddButtons.png
388 silly gunzTarPerm extractEntry front-end/Images/paneElementStateButtons.png
389 silly gunzTarPerm extractEntry front-end/Images/paneFilterButtons.png
390 silly gunzTarPerm extractEntry front-end/Images/paneRefreshButtons.png
391 silly gunzTarPerm extractEntry front-end/Images/paneSettingsButtons.png
392 silly gunzTarPerm extractEntry front-end/Images/popoverArrows.png
393 silly gunzTarPerm extractEntry front-end/Images/popoverBackground.png
394 silly gunzTarPerm extractEntry front-end/Images/profileGroupIcon.png
395 silly gunzTarPerm extractEntry front-end/Images/profileIcon.png
396 silly gunzTarPerm extractEntry front-end/Images/profileSmallIcon.png
397 silly gunzTarPerm extractEntry front-end/Images/programCounterBorder.png
398 silly gunzTarPerm extractEntry front-end/Images/radioDot.png
399 silly gunzTarPerm extractEntry front-end/Images/regionEmpty.png
400 silly gunzTarPerm extractEntry front-end/Images/regionFit.png
401 silly gunzTarPerm extractEntry front-end/Images/regionOverset.png
402 silly gunzTarPerm extractEntry front-end/Images/resourceCSSIcon.png
403 silly gunzTarPerm extractEntry front-end/Images/resourceDocumentIcon.png
404 silly gunzTarPerm extractEntry front-end/Images/resourceDocumentIconSmall.png
405 silly gunzTarPerm extractEntry front-end/Images/resourceJSIcon.png
406 silly gunzTarPerm extractEntry front-end/Images/applicationCache.png
407 silly gunzTarPerm extractEntry front-end/Images/resourcePlainIconSmall.png
408 silly gunzTarPerm extractEntry front-end/Images/resourcesTimeGraphIcon.png
409 silly gunzTarPerm extractEntry front-end/Images/searchNext.png
410 silly gunzTarPerm extractEntry front-end/Images/searchPrev.png
411 silly gunzTarPerm extractEntry front-end/Images/searchSmallBlue.png
412 silly gunzTarPerm extractEntry front-end/Images/searchSmallBrightBlue.png
413 silly gunzTarPerm extractEntry front-end/Images/searchSmallGray.png
414 silly gunzTarPerm extractEntry front-end/Images/searchSmallWhite.png
415 silly gunzTarPerm extractEntry front-end/Images/segment.png
416 silly gunzTarPerm extractEntry front-end/Images/segmentEnd.png
417 silly gunzTarPerm extractEntry front-end/Images/segmentHover.png
418 silly gunzTarPerm extractEntry front-end/Images/segmentHoverEnd.png
419 silly gunzTarPerm extractEntry front-end/Images/segmentSelected.png
420 silly gunzTarPerm extractEntry front-end/Images/segmentSelectedEnd.png
421 silly gunzTarPerm extractEntry front-end/Images/sessionStorage.png
422 silly gunzTarPerm extractEntry front-end/Images/settingsListRemove.png
423 silly gunzTarPerm extractEntry front-end/Images/settingsListRemove_2x.png
424 silly gunzTarPerm extractEntry front-end/Images/spinner.gif
425 silly gunzTarPerm extractEntry front-end/Images/spinnerActive.gif
426 silly gunzTarPerm extractEntry front-end/Images/spinnerActiveSelected.gif
427 silly gunzTarPerm extractEntry front-end/Images/spinnerInactive.gif
428 silly gunzTarPerm extractEntry front-end/Images/spinnerInactiveSelected.gif
429 silly gunzTarPerm extractEntry front-end/Images/src/breakpoints2.svg
430 silly gunzTarPerm extractEntry front-end/Images/src/settingListRemove.svg
431 silly gunzTarPerm extractEntry front-end/Images/src/statusbarButtonGlyphs.svg
432 silly gunzTarPerm extractEntry front-end/Images/statusbarButtonGlyphs.png
433 silly gunzTarPerm extractEntry front-end/Images/statusbarButtonGlyphs2x.png
434 silly gunzTarPerm extractEntry front-end/Images/statusbarResizerHorizontal.png
435 silly gunzTarPerm extractEntry front-end/Images/statusbarResizerVertical.png
436 silly gunzTarPerm extractEntry front-end/Images/thumbActiveHoriz.png
437 silly gunzTarPerm extractEntry front-end/Images/thumbActiveVert.png
438 silly gunzTarPerm extractEntry front-end/Images/thumbHoriz.png
439 silly gunzTarPerm extractEntry front-end/Images/thumbHoverHoriz.png
440 silly gunzTarPerm extractEntry front-end/Images/thumbHoverVert.png
441 silly gunzTarPerm extractEntry front-end/Images/thumbVert.png
442 silly gunzTarPerm extractEntry front-end/Images/timelineHollowPillBlue.png
443 silly gunzTarPerm extractEntry front-end/Images/timelineHollowPillGray.png
444 silly gunzTarPerm extractEntry front-end/Images/timelineHollowPillGreen.png
445 silly gunzTarPerm extractEntry front-end/Images/timelineHollowPillOrange.png
446 silly gunzTarPerm extractEntry front-end/Images/timelineHollowPillPurple.png
447 silly gunzTarPerm extractEntry front-end/Images/timelineHollowPillRed.png
448 silly gunzTarPerm extractEntry front-end/Images/timelineHollowPillYellow.png
449 silly gunzTarPerm extractEntry front-end/Images/timelinePillBlue.png
450 silly gunzTarPerm extractEntry front-end/Images/timelinePillGray.png
451 silly gunzTarPerm extractEntry front-end/Images/timelinePillGreen.png
452 silly gunzTarPerm extractEntry front-end/Images/timelinePillOrange.png
453 silly gunzTarPerm extractEntry front-end/Images/timelinePillPurple.png
454 silly gunzTarPerm extractEntry front-end/Images/timelinePillRed.png
455 silly gunzTarPerm extractEntry front-end/Images/timelinePillYellow.png
456 silly gunzTarPerm extractEntry front-end/Images/toolbarItemSelected.png
457 silly gunzTarPerm extractEntry front-end/Images/trackHoriz.png
458 silly gunzTarPerm extractEntry front-end/Images/trackVert.png
459 silly gunzTarPerm extractEntry front-end/layersPanel.css
460 silly gunzTarPerm extractEntry front-end-node/Overrides.js
461 silly gunzTarPerm extractEntry front-end-node/Images/favicon.png
462 silly gunzTarPerm extractEntry front-end-node/Images/src/favicon.eps
463 silly gunzTarPerm extractEntry front-end-node/Overrides.css
464 silly gunzTarPerm extractEntry ChangeLog.md
465 silly gunzTarPerm extractEntry lib/BreakEventHandler.js
466 silly gunzTarPerm extractEntry lib/HeapProfilerAgent.js
467 silly gunzTarPerm extractEntry lib/HeapProfilerClient.js
468 silly gunzTarPerm extractEntry lib/InjectorClient.js
469 silly gunzTarPerm extractEntry lib/InjectorServer.js
470 silly gunzTarPerm extractEntry lib/FrontendCommandHandler.js
471 silly gunzTarPerm extractEntry lib/PageAgent.js
472 silly gunzTarPerm extractEntry lib/ProfilerAgent.js
473 silly gunzTarPerm extractEntry lib/RuntimeAgent.js
474 silly gunzTarPerm extractEntry lib/ScriptFileStorage.js
475 silly gunzTarPerm extractEntry lib/ScriptManager.js
476 silly gunzTarPerm extractEntry lib/FrontendClient.js
477 silly gunzTarPerm extractEntry lib/callback.js
478 silly gunzTarPerm extractEntry lib/DebuggerClient.js
479 silly gunzTarPerm extractEntry lib/config.js
480 silly gunzTarPerm extractEntry lib/DebuggerAgent.js
481 silly gunzTarPerm extractEntry lib/convert.js
482 silly gunzTarPerm extractEntry lib/ConsoleClient.js
483 silly gunzTarPerm extractEntry lib/debug-server.js
484 silly gunzTarPerm extractEntry lib/ConsoleAgent.js
485 silly gunzTarPerm extractEntry lib/debugger.js
486 silly gunzTarPerm extractEntry lib/CallFramesProvider.js
487 silly gunzTarPerm extractEntry lib/session.js
488 silly gunzTarPerm extractEntry lib/NetworkAgent.js
489 silly gunzTarPerm extractEntry bin/inspector.js
490 silly gunzTarPerm extractEntry bin/node-debug.js
491 silly gunzTarPerm extractEntry bin/run-repl.js
492 verbose read json /usr/local/lib/node_modules/node-inspector/package.json
493 silly lockFile 885d0a05--lib-node-modules-node-inspector /usr/local/lib/node_modules/node-inspector
494 silly lockFile 885d0a05--lib-node-modules-node-inspector /usr/local/lib/node_modules/node-inspector
495 silly lockFile e7db0e39-node-inspector-0-8-1-package-tgz /home/will/.npm/node-inspector/0.8.1/package.tgz
496 silly lockFile e7db0e39-node-inspector-0-8-1-package-tgz /home/will/.npm/node-inspector/0.8.1/package.tgz
497 info preinstall node-inspector@0.8.1
498 verbose from cache /usr/local/lib/node_modules/node-inspector/package.json
499 verbose readDependencies using package.json deps
500 verbose from cache /usr/local/lib/node_modules/node-inspector/package.json
501 verbose readDependencies using package.json deps
502 verbose cache add [ 'serve-favicon@^2.1.1', null ]
503 verbose cache add name=undefined spec="serve-favicon@^2.1.1" args=["serve-favicon@^2.1.1",null]
504 verbose parsed url { protocol: null,
504 verbose parsed url   slashes: null,
504 verbose parsed url   auth: null,
504 verbose parsed url   host: null,
504 verbose parsed url   port: null,
504 verbose parsed url   hostname: null,
504 verbose parsed url   hash: null,
504 verbose parsed url   search: null,
504 verbose parsed url   query: null,
504 verbose parsed url   pathname: 'serve-favicon@%5E2.1.1',
504 verbose parsed url   path: 'serve-favicon@%5E2.1.1',
504 verbose parsed url   href: 'serve-favicon@%5E2.1.1' }
505 verbose cache add name="serve-favicon" spec="^2.1.1" args=["serve-favicon","^2.1.1"]
506 verbose parsed url { protocol: null,
506 verbose parsed url   slashes: null,
506 verbose parsed url   auth: null,
506 verbose parsed url   host: null,
506 verbose parsed url   port: null,
506 verbose parsed url   hostname: null,
506 verbose parsed url   hash: null,
506 verbose parsed url   search: null,
506 verbose parsed url   query: null,
506 verbose parsed url   pathname: '%5E2.1.1',
506 verbose parsed url   path: '%5E2.1.1',
506 verbose parsed url   href: '%5E2.1.1' }
507 verbose addNamed [ 'serve-favicon', '^2.1.1' ]
508 verbose addNamed [ null, null ]
509 silly lockFile 39d5d3fe-serve-favicon-2-1-1 serve-favicon@^2.1.1
510 verbose lock serve-favicon@^2.1.1 /home/will/.npm/39d5d3fe-serve-favicon-2-1-1.lock
511 verbose cache add [ 'async@~0.9', null ]
512 verbose cache add name=undefined spec="async@~0.9" args=["async@~0.9",null]
513 verbose parsed url { protocol: null,
513 verbose parsed url   slashes: null,
513 verbose parsed url   auth: null,
513 verbose parsed url   host: null,
513 verbose parsed url   port: null,
513 verbose parsed url   hostname: null,
513 verbose parsed url   hash: null,
513 verbose parsed url   search: null,
513 verbose parsed url   query: null,
513 verbose parsed url   pathname: 'async@~0.9',
513 verbose parsed url   path: 'async@~0.9',
513 verbose parsed url   href: 'async@~0.9' }
514 verbose cache add name="async" spec="~0.9" args=["async","~0.9"]
515 verbose parsed url { protocol: null,
515 verbose parsed url   slashes: null,
515 verbose parsed url   auth: null,
515 verbose parsed url   host: null,
515 verbose parsed url   port: null,
515 verbose parsed url   hostname: null,
515 verbose parsed url   hash: null,
515 verbose parsed url   search: null,
515 verbose parsed url   query: null,
515 verbose parsed url   pathname: '~0.9',
515 verbose parsed url   path: '~0.9',
515 verbose parsed url   href: '~0.9' }
516 verbose addNamed [ 'async', '~0.9' ]
517 verbose addNamed [ null, '>=0.9.0- <0.10.0-' ]
518 silly lockFile df5b6f0c-async-0-9 async@~0.9
519 verbose lock async@~0.9 /home/will/.npm/df5b6f0c-async-0-9.lock
520 info addNameTag [ 'serve-favicon', '^2.1.1' ]
521 verbose cache add [ 'rc@~0.5.0', null ]
522 verbose cache add name=undefined spec="rc@~0.5.0" args=["rc@~0.5.0",null]
523 verbose parsed url { protocol: null,
523 verbose parsed url   slashes: null,
523 verbose parsed url   auth: null,
523 verbose parsed url   host: null,
523 verbose parsed url   port: null,
523 verbose parsed url   hostname: null,
523 verbose parsed url   hash: null,
523 verbose parsed url   search: null,
523 verbose parsed url   query: null,
523 verbose parsed url   pathname: 'rc@~0.5.0',
523 verbose parsed url   path: 'rc@~0.5.0',
523 verbose parsed url   href: 'rc@~0.5.0' }
524 verbose cache add name="rc" spec="~0.5.0" args=["rc","~0.5.0"]
525 verbose parsed url { protocol: null,
525 verbose parsed url   slashes: null,
525 verbose parsed url   auth: null,
525 verbose parsed url   host: null,
525 verbose parsed url   port: null,
525 verbose parsed url   hostname: null,
525 verbose parsed url   hash: null,
525 verbose parsed url   search: null,
525 verbose parsed url   query: null,
525 verbose parsed url   pathname: '~0.5.0',
525 verbose parsed url   path: '~0.5.0',
525 verbose parsed url   href: '~0.5.0' }
526 verbose addNamed [ 'rc', '~0.5.0' ]
527 verbose addNamed [ null, '>=0.5.0- <0.6.0-' ]
528 silly lockFile 162cf9e5-rc-0-5-0 rc@~0.5.0
529 verbose lock rc@~0.5.0 /home/will/.npm/162cf9e5-rc-0-5-0.lock
530 verbose cache add [ 'glob@^3.2.1', null ]
531 verbose cache add name=undefined spec="glob@^3.2.1" args=["glob@^3.2.1",null]
532 verbose parsed url { protocol: null,
532 verbose parsed url   slashes: null,
532 verbose parsed url   auth: null,
532 verbose parsed url   host: null,
532 verbose parsed url   port: null,
532 verbose parsed url   hostname: null,
532 verbose parsed url   hash: null,
532 verbose parsed url   search: null,
532 verbose parsed url   query: null,
532 verbose parsed url   pathname: 'glob@%5E3.2.1',
532 verbose parsed url   path: 'glob@%5E3.2.1',
532 verbose parsed url   href: 'glob@%5E3.2.1' }
533 verbose cache add name="glob" spec="^3.2.1" args=["glob","^3.2.1"]
534 verbose parsed url { protocol: null,
534 verbose parsed url   slashes: null,
534 verbose parsed url   auth: null,
534 verbose parsed url   host: null,
534 verbose parsed url   port: null,
534 verbose parsed url   hostname: null,
534 verbose parsed url   hash: null,
534 verbose parsed url   search: null,
534 verbose parsed url   query: null,
534 verbose parsed url   pathname: '%5E3.2.1',
534 verbose parsed url   path: '%5E3.2.1',
534 verbose parsed url   href: '%5E3.2.1' }
535 verbose addNamed [ 'glob', '^3.2.1' ]
536 verbose addNamed [ null, null ]
537 silly lockFile 3ee31a10-glob-3-2-1 glob@^3.2.1
538 verbose lock glob@^3.2.1 /home/will/.npm/3ee31a10-glob-3-2-1.lock
539 verbose cache add [ 'strong-data-uri@~0.1.0', null ]
540 verbose cache add name=undefined spec="strong-data-uri@~0.1.0" args=["strong-data-uri@~0.1.0",null]
541 verbose parsed url { protocol: null,
541 verbose parsed url   slashes: null,
541 verbose parsed url   auth: null,
541 verbose parsed url   host: null,
541 verbose parsed url   port: null,
541 verbose parsed url   hostname: null,
541 verbose parsed url   hash: null,
541 verbose parsed url   search: null,
541 verbose parsed url   query: null,
541 verbose parsed url   pathname: 'strong-data-uri@~0.1.0',
541 verbose parsed url   path: 'strong-data-uri@~0.1.0',
541 verbose parsed url   href: 'strong-data-uri@~0.1.0' }
542 verbose cache add name="strong-data-uri" spec="~0.1.0" args=["strong-data-uri","~0.1.0"]
543 verbose parsed url { protocol: null,
543 verbose parsed url   slashes: null,
543 verbose parsed url   auth: null,
543 verbose parsed url   host: null,
543 verbose parsed url   port: null,
543 verbose parsed url   hostname: null,
543 verbose parsed url   hash: null,
543 verbose parsed url   search: null,
543 verbose parsed url   query: null,
543 verbose parsed url   pathname: '~0.1.0',
543 verbose parsed url   path: '~0.1.0',
543 verbose parsed url   href: '~0.1.0' }
544 verbose addNamed [ 'strong-data-uri', '~0.1.0' ]
545 verbose addNamed [ null, '>=0.1.0- <0.2.0-' ]
546 silly lockFile 6f908b79-strong-data-uri-0-1-0 strong-data-uri@~0.1.0
547 verbose lock strong-data-uri@~0.1.0 /home/will/.npm/6f908b79-strong-data-uri-0-1-0.lock
548 silly addNameRange { name: 'async', range: '>=0.9.0- <0.10.0-', hasData: false }
549 verbose url raw serve-favicon
550 verbose url resolving [ 'http://registry.npmjs.org/', './serve-favicon' ]
551 verbose url resolved http://registry.npmjs.org/serve-favicon
552 info trying registry request attempt 1 at 09:43:21
553 http GET http://registry.npmjs.org/serve-favicon
554 silly addNameRange { name: 'rc', range: '>=0.5.0- <0.6.0-', hasData: false }
555 verbose cache add [ 'debug@^1.0', null ]
556 verbose cache add name=undefined spec="debug@^1.0" args=["debug@^1.0",null]
557 verbose parsed url { protocol: null,
557 verbose parsed url   slashes: null,
557 verbose parsed url   auth: null,
557 verbose parsed url   host: null,
557 verbose parsed url   port: null,
557 verbose parsed url   hostname: null,
557 verbose parsed url   hash: null,
557 verbose parsed url   search: null,
557 verbose parsed url   query: null,
557 verbose parsed url   pathname: 'debug@%5E1.0',
557 verbose parsed url   path: 'debug@%5E1.0',
557 verbose parsed url   href: 'debug@%5E1.0' }
558 verbose cache add name="debug" spec="^1.0" args=["debug","^1.0"]
559 verbose parsed url { protocol: null,
559 verbose parsed url   slashes: null,
559 verbose parsed url   auth: null,
559 verbose parsed url   host: null,
559 verbose parsed url   port: null,
559 verbose parsed url   hostname: null,
559 verbose parsed url   hash: null,
559 verbose parsed url   search: null,
559 verbose parsed url   query: null,
559 verbose parsed url   pathname: '%5E1.0',
559 verbose parsed url   path: '%5E1.0',
559 verbose parsed url   href: '%5E1.0' }
560 verbose addNamed [ 'debug', '^1.0' ]
561 verbose addNamed [ null, null ]
562 silly lockFile 0cbd539d-debug-1-0 debug@^1.0
563 verbose lock debug@^1.0 /home/will/.npm/0cbd539d-debug-1-0.lock
564 verbose cache add [ 'ws@~0.4.31', null ]
565 verbose cache add name=undefined spec="ws@~0.4.31" args=["ws@~0.4.31",null]
566 verbose parsed url { protocol: null,
566 verbose parsed url   slashes: null,
566 verbose parsed url   auth: null,
566 verbose parsed url   host: null,
566 verbose parsed url   port: null,
566 verbose parsed url   hostname: null,
566 verbose parsed url   hash: null,
566 verbose parsed url   search: null,
566 verbose parsed url   query: null,
566 verbose parsed url   pathname: 'ws@~0.4.31',
566 verbose parsed url   path: 'ws@~0.4.31',
566 verbose parsed url   href: 'ws@~0.4.31' }
567 verbose cache add name="ws" spec="~0.4.31" args=["ws","~0.4.31"]
568 verbose parsed url { protocol: null,
568 verbose parsed url   slashes: null,
568 verbose parsed url   auth: null,
568 verbose parsed url   host: null,
568 verbose parsed url   port: null,
568 verbose parsed url   hostname: null,
568 verbose parsed url   hash: null,
568 verbose parsed url   search: null,
568 verbose parsed url   query: null,
568 verbose parsed url   pathname: '~0.4.31',
568 verbose parsed url   path: '~0.4.31',
568 verbose parsed url   href: '~0.4.31' }
569 verbose addNamed [ 'ws', '~0.4.31' ]
570 verbose addNamed [ null, '>=0.4.31- <0.5.0-' ]
571 silly lockFile 6f25c2de-ws-0-4-31 ws@~0.4.31
572 verbose lock ws@~0.4.31 /home/will/.npm/6f25c2de-ws-0-4-31.lock
573 verbose cache add [ 'opener@^1.3.0', null ]
574 verbose cache add name=undefined spec="opener@^1.3.0" args=["opener@^1.3.0",null]
575 verbose parsed url { protocol: null,
575 verbose parsed url   slashes: null,
575 verbose parsed url   auth: null,
575 verbose parsed url   host: null,
575 verbose parsed url   port: null,
575 verbose parsed url   hostname: null,
575 verbose parsed url   hash: null,
575 verbose parsed url   search: null,
575 verbose parsed url   query: null,
575 verbose parsed url   pathname: 'opener@%5E1.3.0',
575 verbose parsed url   path: 'opener@%5E1.3.0',
575 verbose parsed url   href: 'opener@%5E1.3.0' }
576 verbose cache add name="opener" spec="^1.3.0" args=["opener","^1.3.0"]
577 verbose parsed url { protocol: null,
577 verbose parsed url   slashes: null,
577 verbose parsed url   auth: null,
577 verbose parsed url   host: null,
577 verbose parsed url   port: null,
577 verbose parsed url   hostname: null,
577 verbose parsed url   hash: null,
577 verbose parsed url   search: null,
577 verbose parsed url   query: null,
577 verbose parsed url   pathname: '%5E1.3.0',
577 verbose parsed url   path: '%5E1.3.0',
577 verbose parsed url   href: '%5E1.3.0' }
578 verbose addNamed [ 'opener', '^1.3.0' ]
579 verbose addNamed [ null, null ]
580 silly lockFile d9b95368-opener-1-3-0 opener@^1.3.0
581 verbose lock opener@^1.3.0 /home/will/.npm/d9b95368-opener-1-3-0.lock
582 verbose cache add [ 'yargs@^1.2.1', null ]
583 verbose cache add name=undefined spec="yargs@^1.2.1" args=["yargs@^1.2.1",null]
584 verbose parsed url { protocol: null,
584 verbose parsed url   slashes: null,
584 verbose parsed url   auth: null,
584 verbose parsed url   host: null,
584 verbose parsed url   port: null,
584 verbose parsed url   hostname: null,
584 verbose parsed url   hash: null,
584 verbose parsed url   search: null,
584 verbose parsed url   query: null,
584 verbose parsed url   pathname: 'yargs@%5E1.2.1',
584 verbose parsed url   path: 'yargs@%5E1.2.1',
584 verbose parsed url   href: 'yargs@%5E1.2.1' }
585 verbose cache add name="yargs" spec="^1.2.1" args=["yargs","^1.2.1"]
586 verbose parsed url { protocol: null,
586 verbose parsed url   slashes: null,
586 verbose parsed url   auth: null,
586 verbose parsed url   host: null,
586 verbose parsed url   port: null,
586 verbose parsed url   hostname: null,
586 verbose parsed url   hash: null,
586 verbose parsed url   search: null,
586 verbose parsed url   query: null,
586 verbose parsed url   pathname: '%5E1.2.1',
586 verbose parsed url   path: '%5E1.2.1',
586 verbose parsed url   href: '%5E1.2.1' }
587 verbose addNamed [ 'yargs', '^1.2.1' ]
588 verbose addNamed [ null, null ]
589 silly lockFile 07d0834e-yargs-1-2-1 yargs@^1.2.1
590 verbose lock yargs@^1.2.1 /home/will/.npm/07d0834e-yargs-1-2-1.lock
591 verbose cache add [ 'which@^1.0.5', null ]
592 verbose cache add name=undefined spec="which@^1.0.5" args=["which@^1.0.5",null]
593 verbose parsed url { protocol: null,
593 verbose parsed url   slashes: null,
593 verbose parsed url   auth: null,
593 verbose parsed url   host: null,
593 verbose parsed url   port: null,
593 verbose parsed url   hostname: null,
593 verbose parsed url   hash: null,
593 verbose parsed url   search: null,
593 verbose parsed url   query: null,
593 verbose parsed url   pathname: 'which@%5E1.0.5',
593 verbose parsed url   path: 'which@%5E1.0.5',
593 verbose parsed url   href: 'which@%5E1.0.5' }
594 verbose cache add name="which" spec="^1.0.5" args=["which","^1.0.5"]
595 verbose parsed url { protocol: null,
595 verbose parsed url   slashes: null,
595 verbose parsed url   auth: null,
595 verbose parsed url   host: null,
595 verbose parsed url   port: null,
595 verbose parsed url   hostname: null,
595 verbose parsed url   hash: null,
595 verbose parsed url   search: null,
595 verbose parsed url   query: null,
595 verbose parsed url   pathname: '%5E1.0.5',
595 verbose parsed url   path: '%5E1.0.5',
595 verbose parsed url   href: '%5E1.0.5' }
596 verbose addNamed [ 'which', '^1.0.5' ]
597 verbose addNamed [ null, null ]
598 silly lockFile f26b74be-which-1-0-5 which@^1.0.5
599 verbose lock which@^1.0.5 /home/will/.npm/f26b74be-which-1-0-5.lock
600 verbose cache add [ 'v8-debug@~0.3.0', null ]
601 verbose cache add name=undefined spec="v8-debug@~0.3.0" args=["v8-debug@~0.3.0",null]
602 verbose parsed url { protocol: null,
602 verbose parsed url   slashes: null,
602 verbose parsed url   auth: null,
602 verbose parsed url   host: null,
602 verbose parsed url   port: null,
602 verbose parsed url   hostname: null,
602 verbose parsed url   hash: null,
602 verbose parsed url   search: null,
602 verbose parsed url   query: null,
602 verbose parsed url   pathname: 'v8-debug@~0.3.0',
602 verbose parsed url   path: 'v8-debug@~0.3.0',
602 verbose parsed url   href: 'v8-debug@~0.3.0' }
603 verbose cache add name="v8-debug" spec="~0.3.0" args=["v8-debug","~0.3.0"]
604 verbose parsed url { protocol: null,
604 verbose parsed url   slashes: null,
604 verbose parsed url   auth: null,
604 verbose parsed url   host: null,
604 verbose parsed url   port: null,
604 verbose parsed url   hostname: null,
604 verbose parsed url   hash: null,
604 verbose parsed url   search: null,
604 verbose parsed url   query: null,
604 verbose parsed url   pathname: '~0.3.0',
604 verbose parsed url   path: '~0.3.0',
604 verbose parsed url   href: '~0.3.0' }
605 verbose addNamed [ 'v8-debug', '~0.3.0' ]
606 verbose addNamed [ null, '>=0.3.0- <0.4.0-' ]
607 silly lockFile 3bbe2a98-v8-debug-0-3-0 v8-debug@~0.3.0
608 verbose lock v8-debug@~0.3.0 /home/will/.npm/3bbe2a98-v8-debug-0-3-0.lock
609 verbose cache add [ 'v8-profiler@~5.2.0', null ]
610 verbose cache add name=undefined spec="v8-profiler@~5.2.0" args=["v8-profiler@~5.2.0",null]
611 verbose parsed url { protocol: null,
611 verbose parsed url   slashes: null,
611 verbose parsed url   auth: null,
611 verbose parsed url   host: null,
611 verbose parsed url   port: null,
611 verbose parsed url   hostname: null,
611 verbose parsed url   hash: null,
611 verbose parsed url   search: null,
611 verbose parsed url   query: null,
611 verbose parsed url   pathname: 'v8-profiler@~5.2.0',
611 verbose parsed url   path: 'v8-profiler@~5.2.0',
611 verbose parsed url   href: 'v8-profiler@~5.2.0' }
612 verbose cache add name="v8-profiler" spec="~5.2.0" args=["v8-profiler","~5.2.0"]
613 verbose parsed url { protocol: null,
613 verbose parsed url   slashes: null,
613 verbose parsed url   auth: null,
613 verbose parsed url   host: null,
613 verbose parsed url   port: null,
613 verbose parsed url   hostname: null,
613 verbose parsed url   hash: null,
613 verbose parsed url   search: null,
613 verbose parsed url   query: null,
613 verbose parsed url   pathname: '~5.2.0',
613 verbose parsed url   path: '~5.2.0',
613 verbose parsed url   href: '~5.2.0' }
614 verbose addNamed [ 'v8-profiler', '~5.2.0' ]
615 verbose addNamed [ null, '>=5.2.0- <5.3.0-' ]
616 silly lockFile 336df056-v8-profiler-5-2-0 v8-profiler@~5.2.0
617 verbose lock v8-profiler@~5.2.0 /home/will/.npm/336df056-v8-profiler-5-2-0.lock
618 verbose cache add [ 'semver@^3.0.1', null ]
619 verbose cache add name=undefined spec="semver@^3.0.1" args=["semver@^3.0.1",null]
620 verbose parsed url { protocol: null,
620 verbose parsed url   slashes: null,
620 verbose parsed url   auth: null,
620 verbose parsed url   host: null,
620 verbose parsed url   port: null,
620 verbose parsed url   hostname: null,
620 verbose parsed url   hash: null,
620 verbose parsed url   search: null,
620 verbose parsed url   query: null,
620 verbose parsed url   pathname: 'semver@%5E3.0.1',
620 verbose parsed url   path: 'semver@%5E3.0.1',
620 verbose parsed url   href: 'semver@%5E3.0.1' }
621 verbose cache add name="semver" spec="^3.0.1" args=["semver","^3.0.1"]
622 verbose parsed url { protocol: null,
622 verbose parsed url   slashes: null,
622 verbose parsed url   auth: null,
622 verbose parsed url   host: null,
622 verbose parsed url   port: null,
622 verbose parsed url   hostname: null,
622 verbose parsed url   hash: null,
622 verbose parsed url   search: null,
622 verbose parsed url   query: null,
622 verbose parsed url   pathname: '%5E3.0.1',
622 verbose parsed url   path: '%5E3.0.1',
622 verbose parsed url   href: '%5E3.0.1' }
623 verbose addNamed [ 'semver', '^3.0.1' ]
624 verbose addNamed [ null, null ]
625 silly lockFile d12809aa-semver-3-0-1 semver@^3.0.1
626 verbose lock semver@^3.0.1 /home/will/.npm/d12809aa-semver-3-0-1.lock
627 verbose cache add [ 'express@^4.0', null ]
628 verbose cache add name=undefined spec="express@^4.0" args=["express@^4.0",null]
629 verbose parsed url { protocol: null,
629 verbose parsed url   slashes: null,
629 verbose parsed url   auth: null,
629 verbose parsed url   host: null,
629 verbose parsed url   port: null,
629 verbose parsed url   hostname: null,
629 verbose parsed url   hash: null,
629 verbose parsed url   search: null,
629 verbose parsed url   query: null,
629 verbose parsed url   pathname: 'express@%5E4.0',
629 verbose parsed url   path: 'express@%5E4.0',
629 verbose parsed url   href: 'express@%5E4.0' }
630 verbose cache add name="express" spec="^4.0" args=["express","^4.0"]
631 verbose parsed url { protocol: null,
631 verbose parsed url   slashes: null,
631 verbose parsed url   auth: null,
631 verbose parsed url   host: null,
631 verbose parsed url   port: null,
631 verbose parsed url   hostname: null,
631 verbose parsed url   hash: null,
631 verbose parsed url   search: null,
631 verbose parsed url   query: null,
631 verbose parsed url   pathname: '%5E4.0',
631 verbose parsed url   path: '%5E4.0',
631 verbose parsed url   href: '%5E4.0' }
632 verbose addNamed [ 'express', '^4.0' ]
633 verbose addNamed [ null, null ]
634 silly lockFile e3e0654a-express-4-0 express@^4.0
635 verbose lock express@^4.0 /home/will/.npm/e3e0654a-express-4-0.lock
636 info addNameTag [ 'glob', '^3.2.1' ]
637 silly addNameRange { name: 'strong-data-uri',
637 silly addNameRange   range: '>=0.1.0- <0.2.0-',
637 silly addNameRange   hasData: false }
638 verbose url raw async
639 verbose url resolving [ 'http://registry.npmjs.org/', './async' ]
640 verbose url resolved http://registry.npmjs.org/async
641 info trying registry request attempt 1 at 09:43:21
642 http GET http://registry.npmjs.org/async
643 verbose url raw rc
644 verbose url resolving [ 'http://registry.npmjs.org/', './rc' ]
645 verbose url resolved http://registry.npmjs.org/rc
646 info trying registry request attempt 1 at 09:43:21
647 http GET http://registry.npmjs.org/rc
648 info addNameTag [ 'debug', '^1.0' ]
649 silly addNameRange { name: 'ws', range: '>=0.4.31- <0.5.0-', hasData: false }
650 info addNameTag [ 'opener', '^1.3.0' ]
651 info addNameTag [ 'yargs', '^1.2.1' ]
652 info addNameTag [ 'which', '^1.0.5' ]
653 silly addNameRange { name: 'v8-debug', range: '>=0.3.0- <0.4.0-', hasData: false }
654 silly addNameRange { name: 'v8-profiler',
654 silly addNameRange   range: '>=5.2.0- <5.3.0-',
654 silly addNameRange   hasData: false }
655 info addNameTag [ 'semver', '^3.0.1' ]
656 info addNameTag [ 'express', '^4.0' ]
657 verbose url raw strong-data-uri
658 verbose url resolving [ 'http://registry.npmjs.org/', './strong-data-uri' ]
659 verbose url resolved http://registry.npmjs.org/strong-data-uri
660 info trying registry request attempt 1 at 09:43:21
661 http GET http://registry.npmjs.org/strong-data-uri
662 verbose url raw glob
663 verbose url resolving [ 'http://registry.npmjs.org/', './glob' ]
664 verbose url resolved http://registry.npmjs.org/glob
665 info trying registry request attempt 1 at 09:43:21
666 http GET http://registry.npmjs.org/glob
667 verbose url raw opener
668 verbose url resolving [ 'http://registry.npmjs.org/', './opener' ]
669 verbose url resolved http://registry.npmjs.org/opener
670 info trying registry request attempt 1 at 09:43:21
671 http GET http://registry.npmjs.org/opener
672 verbose url raw yargs
673 verbose url resolving [ 'http://registry.npmjs.org/', './yargs' ]
674 verbose url resolved http://registry.npmjs.org/yargs
675 info trying registry request attempt 1 at 09:43:21
676 http GET http://registry.npmjs.org/yargs
677 verbose url raw which
678 verbose url resolving [ 'http://registry.npmjs.org/', './which' ]
679 verbose url resolved http://registry.npmjs.org/which
680 info trying registry request attempt 1 at 09:43:21
681 http GET http://registry.npmjs.org/which
682 verbose url raw v8-debug
683 verbose url resolving [ 'http://registry.npmjs.org/', './v8-debug' ]
684 verbose url resolved http://registry.npmjs.org/v8-debug
685 info trying registry request attempt 1 at 09:43:21
686 http GET http://registry.npmjs.org/v8-debug
687 verbose url raw v8-profiler
688 verbose url resolving [ 'http://registry.npmjs.org/', './v8-profiler' ]
689 verbose url resolved http://registry.npmjs.org/v8-profiler
690 info trying registry request attempt 1 at 09:43:21
691 http GET http://registry.npmjs.org/v8-profiler
692 verbose url raw semver
693 verbose url resolving [ 'http://registry.npmjs.org/', './semver' ]
694 verbose url resolved http://registry.npmjs.org/semver
695 info trying registry request attempt 1 at 09:43:21
696 http GET http://registry.npmjs.org/semver
697 verbose url raw ws
698 verbose url resolving [ 'http://registry.npmjs.org/', './ws' ]
699 verbose url resolved http://registry.npmjs.org/ws
700 info trying registry request attempt 1 at 09:43:21
701 http GET http://registry.npmjs.org/ws
702 verbose url raw debug
703 verbose url resolving [ 'http://registry.npmjs.org/', './debug' ]
704 verbose url resolved http://registry.npmjs.org/debug
705 info trying registry request attempt 1 at 09:43:21
706 verbose etag "E4CY0R7HCWKX9EK7D0X8XLN04"
707 http GET http://registry.npmjs.org/debug
708 verbose url raw express
709 verbose url resolving [ 'http://registry.npmjs.org/', './express' ]
710 verbose url resolved http://registry.npmjs.org/express
711 info trying registry request attempt 1 at 09:43:21
712 verbose etag "9LUUNT9HE8UXGNDH6PSMJRURT"
713 http GET http://registry.npmjs.org/express
714 http 200 http://registry.npmjs.org/strong-data-uri
715 silly registry.get cb [ 200,
715 silly registry.get   { server: 'CouchDB/1.5.0 (Erlang OTP/R16B03)',
715 silly registry.get     etag: '"AFPUGRXE6V5WNCW5JQKUZYWZJ"',
715 silly registry.get     'content-type': 'application/json',
715 silly registry.get     'cache-control': 'max-age=60',
715 silly registry.get     'content-length': '4123',
715 silly registry.get     'accept-ranges': 'bytes',
715 silly registry.get     date: 'Thu, 11 Dec 2014 01:43:21 GMT',
715 silly registry.get     via: '1.1 varnish',
715 silly registry.get     age: '22',
715 silly registry.get     connection: 'keep-alive',
715 silly registry.get     'x-served-by': 'cache-sjc3123-SJC',
715 silly registry.get     'x-cache': 'HIT',
715 silly registry.get     'x-cache-hits': '1',
715 silly registry.get     'x-timer': 'S1418262201.658067,VS0,VE0',
715 silly registry.get     vary: 'Accept' } ]
716 silly addNameRange number 2 { name: 'strong-data-uri',
716 silly addNameRange   range: '>=0.1.0- <0.2.0-',
716 silly addNameRange   hasData: true }
717 silly addNameRange versions [ 'strong-data-uri', [ '0.1.0', '0.1.1' ] ]
718 verbose addNamed [ 'strong-data-uri', '0.1.1' ]
719 verbose addNamed [ '0.1.1', '0.1.1' ]
720 silly lockFile 25cad552-strong-data-uri-0-1-1 strong-data-uri@0.1.1
721 verbose lock strong-data-uri@0.1.1 /home/will/.npm/25cad552-strong-data-uri-0-1-1.lock
722 silly lockFile d06b751e-ta-uri-strong-data-uri-0-1-1-tgz http://registry.npmjs.org/strong-data-uri/-/strong-data-uri-0.1.1.tgz
723 verbose lock http://registry.npmjs.org/strong-data-uri/-/strong-data-uri-0.1.1.tgz /home/will/.npm/d06b751e-ta-uri-strong-data-uri-0-1-1-tgz.lock
724 verbose addRemoteTarball [ 'http://registry.npmjs.org/strong-data-uri/-/strong-data-uri-0.1.1.tgz',
724 verbose addRemoteTarball   '8660241807461d1d2dd247c70563f2f33e66c8ab' ]
725 info retry fetch attempt 1 at 09:43:21
726 verbose fetch to= /home/will/tmp/npm-4101/1418262201734-0.01244840887375176/tmp.tgz
727 http GET http://registry.npmjs.org/strong-data-uri/-/strong-data-uri-0.1.1.tgz
728 http 200 http://registry.npmjs.org/serve-favicon
729 silly registry.get cb [ 200,
729 silly registry.get   { server: 'CouchDB/1.5.0 (Erlang OTP/R14B04)',
729 silly registry.get     etag: '"32DME59ARJISQ6B7SM9GQJ65I"',
729 silly registry.get     'content-type': 'application/json',
729 silly registry.get     'cache-control': 'max-age=60',
729 silly registry.get     'content-length': '18897',
729 silly registry.get     'accept-ranges': 'bytes',
729 silly registry.get     date: 'Thu, 11 Dec 2014 01:43:21 GMT',
729 silly registry.get     via: '1.1 varnish',
729 silly registry.get     age: '0',
729 silly registry.get     connection: 'keep-alive',
729 silly registry.get     'x-served-by': 'cache-sjc3121-SJC',
729 silly registry.get     'x-cache': 'HIT',
729 silly registry.get     'x-cache-hits': '1',
729 silly registry.get     'x-timer': 'S1418262201.631234,VS0,VE31',
729 silly registry.get     vary: 'Accept' } ]
730 http 200 http://registry.npmjs.org/opener
731 silly registry.get cb [ 200,
731 silly registry.get   { server: 'CouchDB/1.5.0 (Erlang OTP/R16B03)',
731 silly registry.get     etag: '"3Y5T0NEGDZNC6L2FLBLSL1VS2"',
731 silly registry.get     'content-type': 'application/json',
731 silly registry.get     'cache-control': 'max-age=60',
731 silly registry.get     'content-length': '7761',
731 silly registry.get     'accept-ranges': 'bytes',
731 silly registry.get     date: 'Thu, 11 Dec 2014 01:43:21 GMT',
731 silly registry.get     via: '1.1 varnish',
731 silly registry.get     age: '23',
731 silly registry.get     connection: 'keep-alive',
731 silly registry.get     'x-served-by': 'cache-sjc3123-SJC',
731 silly registry.get     'x-cache': 'HIT',
731 silly registry.get     'x-cache-hits': '1',
731 silly registry.get     'x-timer': 'S1418262201.854579,VS0,VE0',
731 silly registry.get     vary: 'Accept' } ]
732 silly lockFile d9b95368-opener-1-3-0 opener@^1.3.0
733 silly lockFile d9b95368-opener-1-3-0 opener@^1.3.0
734 silly lockFile 39d5d3fe-serve-favicon-2-1-1 serve-favicon@^2.1.1
735 silly lockFile 39d5d3fe-serve-favicon-2-1-1 serve-favicon@^2.1.1
736 verbose about to build /usr/local/lib/node_modules/node-inspector
737 info /usr/local/lib/node_modules/node-inspector unbuild
738 verbose from cache /usr/local/lib/node_modules/node-inspector/package.json
739 info preuninstall node-inspector@0.8.1
740 info uninstall node-inspector@0.8.1
741 verbose true,/usr/local/lib/node_modules,/usr/local/lib/node_modules unbuild node-inspector@0.8.1
742 verbose /usr/local/bin,[object Object] binRoot
743 info postuninstall node-inspector@0.8.1
744 error Error: No compatible version found: opener@'^1.3.0'
744 error Valid install targets:
744 error ["1.0.0","1.0.1","1.1.0","1.2.0","1.3.0","1.4.0"]
744 error     at installTargetsError (/usr/local/lib/node_modules/npm/lib/cache.js:709:10)
744 error     at /usr/local/lib/node_modules/npm/lib/cache.js:631:10
744 error     at saved (/usr/local/lib/node_modules/npm/node_modules/npm-registry-client/lib/get.js:138:7)
744 error     at Object.oncomplete (fs.js:94:15)
745 error If you need help, you may report this log at:
745 error     <http://github.com/isaacs/npm/issues>
745 error or email it to:
745 error     <npm-@googlegroups.com>
746 error System Linux 3.13.0-32-generic
747 error command "/usr/local/bin/node" "/usr/local/bin/npm" "install" "-g" "node-inspector"
748 error cwd /home/will/workspace/wsms
749 error node -v v0.11.2
750 error npm -v 1.2.21
751 verbose exit [ 1, true ]
